<?xml version="1.0" encoding="UTF-8"?>
<!-- Generated by org.testng.reporters.JUnitXMLReporter -->
<testsuite hostname="DESKTOP-UUTUU8G" ignored="0" name="Command line test" tests="7" failures="0" timestamp="10 Jun 2019 06:05:25 GMT" time="0.144" errors="0">
  <testcase name="LauchApp" time="0.024" classname="LearningMaven.AppiumTest"/>
  <testcase name="QuitApp" time="0.001" classname="LearningMaven.AppiumTest"/>
  <testcase name="DeleteJira" time="0.0" classname="LearningMaven.RestApiTest"/>
  <testcase name="post" time="0.001" classname="LearningMaven.RestApiTest"/>
  <testcase name="postJira" time="0.0" classname="LearningMaven.RestApiTest"/>
  <testcase name="LaunchDriver" time="0.002" classname="LearningMaven.SeleniumTest"/>
  <testcase name="QuitBrowser" time="0.003" classname="LearningMaven.SeleniumTest"/>
</testsuite> <!-- Command line test -->
