<?xml version="1.0" encoding="UTF-8"?>
<!-- Generated by org.testng.reporters.JUnitXMLReporter -->
<testsuite hostname="DESKTOP-UUTUU8G" ignored="0" name="Test" tests="5" failures="0" timestamp="10 Jun 2019 06:18:19 GMT" time="0.137" errors="0">
  <testcase name="LauchApp" time="0.031" classname="LearningMaven.AppiumTest"/>
  <testcase name="QuitApp" time="0.0" classname="LearningMaven.AppiumTest"/>
  <testcase name="DeleteJira" time="0.001" classname="LearningMaven.RestApiTest"/>
  <testcase name="post" time="0.0" classname="LearningMaven.RestApiTest"/>
  <testcase name="postJira" time="0.001" classname="LearningMaven.RestApiTest"/>
</testsuite> <!-- Test -->
