<?xml version="1.0" encoding="UTF-8"?>
<testsuite xmlns:xsi="http://www.w3.org/2001/XMLSchema-instance" xsi:noNamespaceSchemaLocation="https://maven.apache.org/surefire/maven-surefire-plugin/xsd/surefire-test-report-3.0.xsd" version="3.0" name="TestSuite" time="1.375" tests="5" errors="0" skipped="0" failures="0">
  <properties>
[...]
</properties>
  <testcase name="LauchApp" classname="LearningMaven.AppiumTest" time="0.029"/>
  <testcase name="QuitApp" classname="LearningMaven.AppiumTest" time="0"/>
  <testcase name="DeleteJira" classname="LearningMaven.RestApiTest" time="0"/>
  <testcase name="post" classname="LearningMaven.RestApiTest" time="0.002"/>
  <testcase name="postJira" classname="LearningMaven.RestApiTest" time="0"/>
</testsuite>